<?xml version="1.0" encoding="UTF-8"?>
<coverage generated="1600804796633" clover="3.2.0">
  <project timestamp="1600804796634" name="All files">
    <metrics statements="4" coveredstatements="4" conditionals="0" coveredconditionals="0" methods="1" coveredmethods="1" elements="5" coveredelements="5" complexity="0" loc="4" ncloc="4" packages="2" files="2" classes="2"/>
    <package name="code-challenges.reverse-ll">
      <metrics statements="3" coveredstatements="3" conditionals="0" coveredconditionals="0" methods="1" coveredmethods="1"/>
      <file name="reverse-ll.js" path="/Users/johncokos/codefellows/codefellows/data-structures-and-algorithms/javascript/code-challenges/reverse-ll/reverse-ll.js">
        <metrics statements="3" coveredstatements="3" conditionals="0" coveredconditionals="0" methods="1" coveredmethods="1"/>
        <line num="3" count="1" type="stmt"/>
        <line num="5" count="1" type="stmt"/>
        <line num="7" count="1" type="stmt"/>
      </file>
    </package>
    <package name="linked-list">
      <metrics statements="1" coveredstatements="1" conditionals="0" coveredconditionals="0" methods="0" coveredmethods="0"/>
      <file name="index.js" path="/Users/johncokos/codefellows/codefellows/data-structures-and-algorithms/javascript/linked-list/index.js">
        <metrics statements="1" coveredstatements="1" conditionals="0" coveredconditionals="0" methods="0" coveredmethods="0"/>
        <line num="7" count="1" type="stmt"/>
      </file>
    </package>
  </project>
</coverage>
